\BOOKMARK [1][-]{section.1}{Introduction}{}% 1
\BOOKMARK [1][-]{section.2}{Fundamentals}{}% 2
\BOOKMARK [2][-]{subsection.2.1}{Matrix\040Vector\040Multiplication}{section.2}% 3
\BOOKMARK [2][-]{subsection.2.2}{Orthogonal\040Vectors\040and\040Matrices}{section.2}% 4
\BOOKMARK [3][-]{subsubsection.2.2.1}{Components\040of\040a\040Vector}{subsection.2.2}% 5
\BOOKMARK [3][-]{subsubsection.2.2.2}{Multiplication\040by\040a\040Unitary\040Matrix}{subsection.2.2}% 6
\BOOKMARK [2][-]{subsection.2.3}{Norms}{section.2}% 7
\BOOKMARK [3][-]{subsubsection.2.3.1}{Vector\040Norms}{subsection.2.3}% 8
\BOOKMARK [3][-]{subsubsection.2.3.2}{Matrix\040Norms}{subsection.2.3}% 9
\BOOKMARK [2][-]{subsection.2.4}{The\040Singular\040Value\040Decomposition}{section.2}% 10
\BOOKMARK [1][-]{section.3}{QR\040Factorization\040and\040Least\040Squares}{}% 11
\BOOKMARK [2][-]{subsection.3.1}{Projectors}{section.3}% 12
\BOOKMARK [3][-]{subsubsection.3.1.1}{Orthogonal\040Projectors}{subsection.3.1}% 13
\BOOKMARK [3][-]{subsubsection.3.1.2}{Projection\040with\040an\040Orthonormal\040Basis}{subsection.3.1}% 14
\BOOKMARK [2][-]{subsection.3.2}{QR\040Factorization}{section.3}% 15
\BOOKMARK [2][-]{subsection.3.3}{Householder\040Triangularization}{section.3}% 16
\BOOKMARK [3][-]{subsubsection.3.3.1}{Householder\040Reflectors}{subsection.3.3}% 17
\BOOKMARK [2][-]{subsection.3.4}{Least\040Squares}{section.3}% 18
\BOOKMARK [3][-]{subsubsection.3.4.1}{Methods\040for\040Solving\040the\040Least\040Squares\040Problem}{subsection.3.4}% 19
\BOOKMARK [3][-]{subsubsection.3.4.2}{Comparison\040of\040Methods}{subsection.3.4}% 20
\BOOKMARK [1][-]{section.4}{Conditioning\040and\040Stability}{}% 21
\BOOKMARK [2][-]{subsection.4.1}{Conditioning}{section.4}% 22
\BOOKMARK [2][-]{subsection.4.2}{Floating\040Point\040Arithmetic}{section.4}% 23
\BOOKMARK [2][-]{subsection.4.3}{Stability}{section.4}% 24
\BOOKMARK [3][-]{subsubsection.4.3.1}{Stability\040of\040Householder\040Triangularization}{subsection.4.3}% 25
\BOOKMARK [2][-]{subsection.4.4}{Stability\040of\040Back\040Substitution}{section.4}% 26
\BOOKMARK [2][-]{subsection.4.5}{Conditioning\040of\040Least\040Squares\040Problems}{section.4}% 27
\BOOKMARK [2][-]{subsection.4.6}{Stability\040of\040Least\040Squares\040Algorithms}{section.4}% 28
\BOOKMARK [3][-]{subsubsection.4.6.1}{Rank-Deficient\040Least\040Squares\040Problems}{subsection.4.6}% 29
\BOOKMARK [1][-]{section.5}{Systems\040of\040Equations}{}% 30
\BOOKMARK [2][-]{subsection.5.1}{Gaussian\040Elimination}{section.5}% 31
\BOOKMARK [3][-]{subsubsection.5.1.1}{LU\040factorization}{subsection.5.1}% 32
\BOOKMARK [3][-]{subsubsection.5.1.2}{Pivoting}{subsection.5.1}% 33
\BOOKMARK [2][-]{subsection.5.2}{Stability\040of\040Gaussian\040Elimination}{section.5}% 34
\BOOKMARK [3][-]{subsubsection.5.2.1}{Growth\040Factors}{subsection.5.2}% 35
\BOOKMARK [1][-]{section.6}{Cholesky\040Factorization}{}% 36
\BOOKMARK [1][-]{section.7}{Eigenvalues}{}% 37
\BOOKMARK [2][-]{subsubsection.7.0.1}{Similarity\040Transforms}{section.7}% 38
\BOOKMARK [2][-]{subsection.7.1}{Overview\040of\040Eigenvalue\040Algorithms}{section.7}% 39
\BOOKMARK [3][-]{subsubsection.7.1.1}{Schur\040Factorization\040and\040Diagonalization}{subsection.7.1}% 40
\BOOKMARK [3][-]{subsubsection.7.1.2}{Stability}{subsection.7.1}% 41
\BOOKMARK [2][-]{subsection.7.2}{Rayleigh\040Quotient}{section.7}% 42
\BOOKMARK [2][-]{subsection.7.3}{Power\040Iteration}{section.7}% 43
\BOOKMARK [2][-]{subsection.7.4}{Inverse\040Iteration}{section.7}% 44
\BOOKMARK [2][-]{subsection.7.5}{Rayleigh\040Quotient\040Iteration}{section.7}% 45
\BOOKMARK [2][-]{subsection.7.6}{Opeartion\040Counts}{section.7}% 46
\BOOKMARK [2][-]{subsection.7.7}{QR\040Algorithm\040without\040Shifts}{section.7}% 47
\BOOKMARK [3][-]{subsubsection.7.7.1}{Unnormalized\040Simultaneous\040Iteration}{subsection.7.7}% 48
\BOOKMARK [3][-]{subsubsection.7.7.2}{Simultaneous\040Iteration}{subsection.7.7}% 49
\BOOKMARK [3][-]{subsubsection.7.7.3}{Simultaneous\040Iteration\040equivalent\040to\040QR\040Algorithm}{subsection.7.7}% 50
\BOOKMARK [2][-]{subsection.7.8}{QR\040Algorithm\040with\040Shifts}{section.7}% 51
\BOOKMARK [2][-]{subsection.7.9}{Other\040Eigenvalue\040Algorithms}{section.7}% 52
\BOOKMARK [2][-]{subsection.7.10}{Computing\040the\040SVD}{section.7}% 53
\BOOKMARK [1][-]{section.8}{Finite\040Difference\040Approximations}{}% 54
\BOOKMARK [2][-]{subsection.8.1}{Truncation\040Errors}{section.8}% 55
\BOOKMARK [2][-]{subsection.8.2}{Deriving\040Finite\040Difference\040Approximations}{section.8}% 56
\BOOKMARK [2][-]{subsection.8.3}{Second/Higher\040Order\040Derivatives}{section.8}% 57
\BOOKMARK [2][-]{subsection.8.4}{General\040Approach\040to\040Deriving\040Coefficients}{section.8}% 58
\BOOKMARK [1][-]{section.9}{Steady\040State\040and\040Boundary\040Value\040Problems}{}% 59
\BOOKMARK [2][-]{subsection.9.1}{Boundary\040Conditions}{section.9}% 60
\BOOKMARK [2][-]{subsection.9.2}{Error\040for\040Finite\040Difference\040Method}{section.9}% 61
\BOOKMARK [2][-]{subsection.9.3}{Deferred\040Corrections}{section.9}% 62
\BOOKMARK [2][-]{subsection.9.4}{Spectral\040Methods}{section.9}% 63
\BOOKMARK [1][-]{section.10}{Finite\040Element\040Method}{}% 64
\BOOKMARK [1][-]{section.11}{Elliptic\040Equations}{}% 65
\BOOKMARK [2][-]{subsection.11.1}{Laplacian\040Stencils}{section.11}% 66
\BOOKMARK [3][-]{subsubsection.11.1.1}{5-point\040Laplacian}{subsection.11.1}% 67
\BOOKMARK [3][-]{subsubsection.11.1.2}{Ordering\040of\040Equations}{subsection.11.1}% 68
\BOOKMARK [3][-]{subsubsection.11.1.3}{9-point\040Laplacian}{subsection.11.1}% 69
\BOOKMARK [1][-]{section.12}{Iterative\040Methods}{}% 70
\BOOKMARK [2][-]{subsection.12.1}{Jacobi, Gauss–Seidel, Successive Overrelaxation}{section.12}% 71
\BOOKMARK [3][-]{subsubsection.12.1.1}{Convergence}{subsection.12.1}% 72
\BOOKMARK [2][-]{subsection.12.2}{Conjugate\040Gradient}{section.12}% 73
\BOOKMARK [3][-]{subsubsection.12.2.1}{Motivation\040for\040Algorithm}{subsection.12.2}% 74
\BOOKMARK [3][-]{subsubsection.12.2.2}{Improvement}{subsection.12.2}% 75
\BOOKMARK [2][-]{subsection.12.3}{GMRES}{section.12}% 76
\BOOKMARK [2][-]{subsection.12.4}{Multigrid\040Methods}{section.12}% 77
\BOOKMARK [1][-]{section.13}{Other\040Direct\040Methods}{}% 78
\BOOKMARK [1][-]{section.14}{The\040Initial\040Value\040Problem\040for\040ODEs}{}% 79
\BOOKMARK [2][-]{subsection.14.1}{Linear\040ODEs}{section.14}% 80
\BOOKMARK [2][-]{subsection.14.2}{Some\040stuff\040on\040Existence\040and\040Uniqueness.\040Is\040this\040important?}{section.14}% 81
\BOOKMARK [2][-]{subsection.14.3}{Basic\040Numerical\040Methods}{section.14}% 82
\BOOKMARK [3][-]{subsubsection.14.3.1}{Truncation\040and\040One-step\040Errors}{subsection.14.3}% 83
\BOOKMARK [2][-]{subsection.14.4}{Taylor\040Series\040Methods}{section.14}% 84
\BOOKMARK [2][-]{subsection.14.5}{Runge–Kutta Methods}{section.14}% 85
\BOOKMARK [3][-]{subsubsection.14.5.1}{Embedded\040Methods\040and\040Error\040Estimation}{subsection.14.5}% 86
\BOOKMARK [2][-]{subsection.14.6}{One-step\040vs\040Multistep\040methods}{section.14}% 87
\BOOKMARK [2][-]{subsection.14.7}{Linear\040Multistep\040Methods}{section.14}% 88
\BOOKMARK [3][-]{subsubsection.14.7.1}{Starting\040Values}{subsection.14.7}% 89
\BOOKMARK [1][-]{section.15}{Zero-Stability\040and\040Convergence\040for\040IVPs}{}% 90
\BOOKMARK [2][-]{subsection.15.1}{Convergence}{section.15}% 91
\BOOKMARK [2][-]{subsection.15.2}{Solving\040Linear\040Difference\040Equations}{section.15}% 92
\BOOKMARK [1][-]{section.16}{Absolute\040Stability\040for\040ODEs}{}% 93
\BOOKMARK [2][-]{subsection.16.1}{Practical\040Choice\040of\040Step\040Size}{section.16}% 94
\BOOKMARK [2][-]{subsection.16.2}{Systems\040of\040ODEs}{section.16}% 95
\BOOKMARK [2][-]{subsection.16.3}{Plotting\040the\040Stability\040Regions}{section.16}% 96
\BOOKMARK [3][-]{subsubsection.16.3.1}{Boundary\040Locus\040Method\040for\040LMMs}{subsection.16.3}% 97
\BOOKMARK [2][-]{subsection.16.4}{Plotting\040Stability\040Regions\040of\040One-step\040Methods}{section.16}% 98
\BOOKMARK [2][-]{subsection.16.5}{Relative\040Stability\040Regions\040and\040Order\040Stars}{section.16}% 99
\BOOKMARK [1][-]{section.17}{Stiff\040ODEs}{}% 100
\BOOKMARK [1][-]{section.18}{Diffusion\040Equations\040and\040Parabolic\040Problems}{}% 101
\BOOKMARK [2][-]{subsection.18.1}{Local\040Truncation\040Error\040and\040Order\040of\040Accuracy}{section.18}% 102
\BOOKMARK [2][-]{subsection.18.2}{Method\040of\040Lines\040Discritizations}{section.18}% 103
\BOOKMARK [2][-]{subsection.18.3}{Stability\040Theory}{section.18}% 104
\BOOKMARK [2][-]{subsection.18.4}{Stiffness\040of\040the\040Heat\040Equation}{section.18}% 105
\BOOKMARK [2][-]{subsection.18.5}{Convergence}{section.18}% 106
\BOOKMARK [2][-]{subsection.18.6}{Von\040Neumann\040Analysis}{section.18}% 107
\BOOKMARK [2][-]{subsection.18.7}{Multidimensional\040Problems}{section.18}% 108
\BOOKMARK [2][-]{subsection.18.8}{The\040Locally\040One-Dimensional\040Method}{section.18}% 109
\BOOKMARK [2][-]{subsection.18.9}{The\040Alternating\040Direction\040Implicit\040Method}{section.18}% 110
\BOOKMARK [1][-]{section.19}{Advection\040Equations\040and\040Hyperbolic\040Systems}{}% 111
\BOOKMARK [2][-]{subsection.19.1}{Method\040of\040Lines\040Discretization}{section.19}% 112
\BOOKMARK [3][-]{subsubsection.19.1.1}{Forward\040Euler\040Time\040Discretization}{subsection.19.1}% 113
\BOOKMARK [3][-]{subsubsection.19.1.2}{Leapfrog}{subsection.19.1}% 114
\BOOKMARK [3][-]{subsubsection.19.1.3}{Lax–Friedrichs}{subsection.19.1}% 115
\BOOKMARK [2][-]{subsection.19.2}{The Lax–Wendroff Method}{section.19}% 116
\BOOKMARK [2][-]{subsection.19.3}{Upwind\040Methods}{section.19}% 117
\BOOKMARK [2][-]{subsection.19.4}{Von\040Neumann\040Analysis}{section.19}% 118
\BOOKMARK [2][-]{subsection.19.5}{Characteristic\040Tracing\040and\040Interpolation}{section.19}% 119
\BOOKMARK [2][-]{subsection.19.6}{The Courant–Friedrichs–Lewy Condition}{section.19}% 120
\BOOKMARK [2][-]{subsection.19.7}{Modified\040Equations}{section.19}% 121
\BOOKMARK [2][-]{subsection.19.8}{Hyperbolic\040Systems}{section.19}% 122
\BOOKMARK [2][-]{subsection.19.9}{Numerical\040Methods\040for\040Hyperbolic\040Systems}{section.19}% 123
