\BOOKMARK [1][-]{section.1}{Random\040Varibles\040and\040Distributions}{}% 1
\BOOKMARK [2][-]{subsection.1.1}{Basic\040Definitions}{section.1}% 2
\BOOKMARK [3][-]{subsubsection.1.1.1}{Probability\040Mass\040Function\040\(discrete\)}{subsection.1.1}% 3
\BOOKMARK [3][-]{subsubsection.1.1.2}{Probability\040Density\040Function\040\(continuous\)}{subsection.1.1}% 4
\BOOKMARK [3][-]{subsubsection.1.1.3}{Cumulative\040Density\040Function}{subsection.1.1}% 5
\BOOKMARK [3][-]{subsubsection.1.1.4}{Probability\040Generating\040Function}{subsection.1.1}% 6
\BOOKMARK [3][-]{subsubsection.1.1.5}{Characteristic\040Function}{subsection.1.1}% 7
\BOOKMARK [2][-]{subsection.1.2}{Bernoulli}{section.1}% 8
\BOOKMARK [2][-]{subsection.1.3}{Binomial}{section.1}% 9
\BOOKMARK [2][-]{subsection.1.4}{Geometric}{section.1}% 10
\BOOKMARK [2][-]{subsection.1.5}{Poisson}{section.1}% 11
\BOOKMARK [2][-]{subsection.1.6}{Exponential}{section.1}% 12
\BOOKMARK [1][-]{section.2}{Table\040of\040Random\040\(COUNTING??????\)\040Processes}{}% 13
\BOOKMARK [2][-]{subsection.2.1}{Poisson\040Point\040Process}{section.2}% 14
\BOOKMARK [3][-]{subsubsection.2.1.1}{Viewed\040as\040a\040Counting\040Process}{subsection.2.1}% 15
\BOOKMARK [3][-]{subsubsection.2.1.2}{Memoryless\040property}{subsection.2.1}% 16
\BOOKMARK [3][-]{subsubsection.2.1.3}{Probability\040of\040Jump}{subsection.2.1}% 17
\BOOKMARK [1][-]{section.3}{Generating\040and\040Characteristic\040functions}{}% 18
\BOOKMARK [1][-]{section.4}{Discrete\040Time\040Markov\040Chains}{}% 19
\BOOKMARK [2][-]{subsection.4.1}{Transition\040Matrix}{section.4}% 20
\BOOKMARK [2][-]{subsection.4.2}{Classification\040of\040States}{section.4}% 21
\BOOKMARK [2][-]{subsection.4.3}{Mean\040Recurence\040Time}{section.4}% 22
\BOOKMARK [2][-]{subsection.4.4}{Reversibility}{section.4}% 23
\BOOKMARK [2][-]{subsection.4.5}{Stationary/Invariant\040distribution}{section.4}% 24
\BOOKMARK [2][-]{subsection.4.6}{Generating\040Functions}{section.4}% 25
\BOOKMARK [1][-]{section.5}{Continuous\040Time\040Markov\040Chains}{}% 26
\BOOKMARK [2][-]{subsection.5.1}{Transition\040Matrix}{section.5}% 27
\BOOKMARK [2][-]{subsection.5.2}{Stationary/Invariant\040distribution}{section.5}% 28
\BOOKMARK [2][-]{subsection.5.3}{Generator}{section.5}% 29
\BOOKMARK [2][-]{subsection.5.4}{KFE\040AND\040KBE}{section.5}% 30
\BOOKMARK [2][-]{subsection.5.5}{Generating\040Functions}{section.5}% 31
\BOOKMARK [2][-]{subsection.5.6}{Computing\040Generating\040Functions}{section.5}% 32
\BOOKMARK [2][-]{subsection.5.7}{Finding\040PDEs}{section.5}% 33
\BOOKMARK [3][-]{subsubsection.5.7.1}{noteOTHER\040METHODS?}{subsection.5.7}% 34
\BOOKMARK [2][-]{subsection.5.8}{Birth\040Death\040Processes}{section.5}% 35
\BOOKMARK [3][-]{subsubsection.5.8.1}{General\040Form\040for\040infinite\040queue}{subsection.5.8}% 36
\BOOKMARK [3][-]{subsubsection.5.8.2}{M/M/1\040queue}{subsection.5.8}% 37
\BOOKMARK [3][-]{subsubsection.5.8.3}{M/M/}{subsection.5.8}% 38
\BOOKMARK [3][-]{subsubsection.5.8.4}{M/M/1/K\040queue}{subsection.5.8}% 39
\BOOKMARK [1][-]{section.6}{Brownian\040Motion}{}% 40
\BOOKMARK [2][-]{subsection.6.1}{Martingale}{section.6}% 41
\BOOKMARK [2][-]{subsection.6.2}{Characteristic\040Functions}{section.6}% 42
\BOOKMARK [2][-]{subsection.6.3}{Laplace\040Transform}{section.6}% 43
\BOOKMARK [1][-]{section.7}{Stochastic\040Calculus}{}% 44
\BOOKMARK [2][-]{subsection.7.1}{Itô's Formula}{section.7}% 45
\BOOKMARK [2][-]{subsection.7.2}{Product\040Rule}{section.7}% 46
\BOOKMARK [2][-]{subsection.7.3}{Girsanov's\040Theorem}{section.7}% 47
\BOOKMARK [1][-]{section.8}{SDEs\040and\040PDEs}{}% 48
\BOOKMARK [2][-]{subsection.8.1}{SDEs}{section.8}% 49
\BOOKMARK [3][-]{subsubsection.8.1.1}{Geometric\040Brownian\040Motion}{subsection.8.1}% 50
\BOOKMARK [3][-]{subsubsection.8.1.2}{Ornstein–Uhlenbeck \(OU\) process}{subsection.8.1}% 51
\BOOKMARK [2][-]{subsection.8.2}{Infinitesimal\040Generator}{section.8}% 52
\BOOKMARK [2][-]{subsection.8.3}{Kolmogorov\040Backwards\040Equation}{section.8}% 53
\BOOKMARK [3][-]{subsubsection.8.3.1}{Speed\040and\040Scale\040Densities}{subsection.8.3}% 54
\BOOKMARK [3][-]{subsubsection.8.3.2}{Computing\040Solution\040to\040KBE\040for\0401d\040Time\040Homogeneous\040Process}{subsection.8.3}% 55
\BOOKMARK [2][-]{subsection.8.4}{Transition\040Density}{section.8}% 56
\BOOKMARK [3][-]{subsubsection.8.4.1}{Boundary\040Conditions}{subsection.8.4}% 57
\BOOKMARK [3][-]{subsubsection.8.4.2}{Computing\040Transition\040Density}{subsection.8.4}% 58
\BOOKMARK [2][-]{subsection.8.5}{Finding\040PDEs\040Using\040Martingale\040Process}{section.8}% 59
\BOOKMARK [2][-]{subsection.8.6}{Finding\040PDEs\040for\040Hitting\040Time\040Problems}{section.8}% 60
\BOOKMARK [1][-]{section.9}{Jump\040Diffusions}{}% 61
\BOOKMARK [1][-]{section.10}{Practice\040Qualification\040Exams}{}% 62
\BOOKMARK [2][-]{section*.1}{Practice\040Exam\0401,\040Problem\0401}{section.10}% 63
\BOOKMARK [2][-]{section*.2}{Practice\040Exam\0401,\040Problem\0402}{section.10}% 64
\BOOKMARK [2][-]{section*.3}{Practice\040Exam\0402,\040Problem\0401}{section.10}% 65
\BOOKMARK [2][-]{section*.4}{Practice\040Exam\0402,\040Problem\0402}{section.10}% 66
\BOOKMARK [2][-]{section*.5}{Practice\040Exam\0403,\040Problem\0401}{section.10}% 67
\BOOKMARK [2][-]{section*.6}{Practice\040Exam\0403,\040Problem\0402}{section.10}% 68
\BOOKMARK [2][-]{section*.7}{Practice\040Exam\0404,\040Problem\0401}{section.10}% 69
\BOOKMARK [2][-]{section*.8}{Practice\040Exam\0404,\040Problem\0402}{section.10}% 70
\BOOKMARK [2][-]{section*.9}{Practice\040Exam\0405,\040Problem\0401}{section.10}% 71
\BOOKMARK [2][-]{section*.10}{Practice\040Exam\0405,\040Problem\0402}{section.10}% 72
\BOOKMARK [2][-]{section*.11}{Practice\040Exam\0406,\040Problem\0401}{section.10}% 73
\BOOKMARK [2][-]{section*.12}{Practice\040Exam\0406,\040Problem\0402}{section.10}% 74
\BOOKMARK [2][-]{section*.13}{Practice\040Exam\0407,\040Problem\0401}{section.10}% 75
\BOOKMARK [2][-]{section*.14}{Practice\040Exam\0407,\040Problem\0402}{section.10}% 76
\BOOKMARK [2][-]{section*.15}{Practice\040Exam\0408,\040Problem\0401}{section.10}% 77
\BOOKMARK [2][-]{section*.16}{Practice\040Exam\0408,\040Problem\0402}{section.10}% 78
\BOOKMARK [1][-]{section.11}{Homework\040Problems}{}% 79
\BOOKMARK [2][-]{section*.17}{Exercise\0403.1}{section.11}% 80
\BOOKMARK [2][-]{section*.18}{Exercise\0403.2}{section.11}% 81
\BOOKMARK [2][-]{section*.19}{Exercise\0403.3}{section.11}% 82
\BOOKMARK [2][-]{section*.20}{Exercise\0403.4}{section.11}% 83
\BOOKMARK [2][-]{section*.21}{Exercise\0403.5}{section.11}% 84
\BOOKMARK [2][-]{section*.22}{Exercise\0403.6}{section.11}% 85
\BOOKMARK [2][-]{section*.23}{Exercise\0403.7}{section.11}% 86
\BOOKMARK [2][-]{section*.24}{Exercise\0404.1}{section.11}% 87
\BOOKMARK [2][-]{section*.25}{Exercise\0404.2}{section.11}% 88
\BOOKMARK [2][-]{section*.26}{Exercise\0404.3}{section.11}% 89
\BOOKMARK [2][-]{section*.27}{Exercise\0404.4}{section.11}% 90
\BOOKMARK [2][-]{section*.28}{Exercise\0404.5}{section.11}% 91
\BOOKMARK [2][-]{section*.29}{Exercise\0404.6}{section.11}% 92
\BOOKMARK [2][-]{section*.30}{Exercise\0404.7}{section.11}% 93
\BOOKMARK [2][-]{section*.31}{Exercise\0404.8}{section.11}% 94
\BOOKMARK [2][-]{section*.32}{Exercise\0405.1}{section.11}% 95
\BOOKMARK [2][-]{section*.33}{Exercise\0405.2}{section.11}% 96
\BOOKMARK [2][-]{section*.34}{Exercise\0405.3}{section.11}% 97
\BOOKMARK [2][-]{section*.35}{Exercise\0405.4}{section.11}% 98
\BOOKMARK [2][-]{section*.36}{Exercise\0405.5}{section.11}% 99
\BOOKMARK [2][-]{section*.37}{Exercise\0407.1}{section.11}% 100
\BOOKMARK [2][-]{section*.38}{Exercise\0407.2}{section.11}% 101
\BOOKMARK [2][-]{section*.39}{Exercise\0407.3}{section.11}% 102
\BOOKMARK [2][-]{section*.40}{Exercise\0407.4}{section.11}% 103
\BOOKMARK [2][-]{section*.41}{Exercise\0408.1}{section.11}% 104
\BOOKMARK [2][-]{section*.42}{Exercise\0408.2}{section.11}% 105
\BOOKMARK [2][-]{section*.43}{Exercise\0408.3}{section.11}% 106
\BOOKMARK [2][-]{section*.44}{Exercise\0408.4}{section.11}% 107
\BOOKMARK [2][-]{section*.45}{Exercise\0409.1}{section.11}% 108
\BOOKMARK [2][-]{section*.46}{Exercise\0409.2}{section.11}% 109
\BOOKMARK [2][-]{section*.47}{Exercise\0409.3}{section.11}% 110
\BOOKMARK [2][-]{section*.48}{Exercise\0409.4}{section.11}% 111
\BOOKMARK [2][-]{section*.49}{Exercise\0409.5}{section.11}% 112
\BOOKMARK [2][-]{section*.50}{Exercise\0409.6}{section.11}% 113
\BOOKMARK [2][-]{section*.51}{Exercise\04010.1}{section.11}% 114
\BOOKMARK [2][-]{section*.52}{Exercise\04010.2}{section.11}% 115
\BOOKMARK [2][-]{section*.53}{Exercise\04010.3}{section.11}% 116
\BOOKMARK [2][-]{section*.54}{Exercise\04010.4}{section.11}% 117
\BOOKMARK [2][-]{section*.55}{Exercise\04010.5}{section.11}% 118
