\BOOKMARK [2][-]{section*.1}{Summer\0402011,\040Day\0401,\040Problem\0403}{}% 1
\BOOKMARK [2][-]{section*.2}{Winter\0402011,\040Day\0401,\040Problem\0404}{}% 2
\BOOKMARK [2][-]{section*.3}{Winter\0402012,\040Day\0401,\040Problem\0405}{}% 3
\BOOKMARK [2][-]{section*.4}{Summer\0402013,\040Day\0401,\040Problem\0404}{}% 4
\BOOKMARK [2][-]{section*.5}{Summer\0402013,\040Day\0401,\040Problem\0405}{}% 5
\BOOKMARK [2][-]{section*.6}{Winter\0402013,\040Day\0402,\040Problem\0402}{}% 6
\BOOKMARK [2][-]{section*.7}{Practice\0402010,\040Day\0401,\040Problem\0402}{}% 7
\BOOKMARK [2][-]{section*.8}{Summer\0402013,\040Day\0402,\040Problem\0401}{}% 8
\BOOKMARK [2][-]{section*.9}{Summer\0402014,\040Day\0401,\040Problem\0402}{}% 9
\BOOKMARK [2][-]{section*.10}{Summer\0402014,\040Day\0402,\040Problem\0404}{}% 10
\BOOKMARK [2][-]{section*.11}{Winter\0402014,\040Day\0401,\040Problem\0402}{}% 11
\BOOKMARK [2][-]{section*.12}{Winter\0402014,\040Day\0401,\040Problem\0404}{}% 12
\BOOKMARK [2][-]{section*.13}{Winter\0402017,\040Day\0402,\040Problem\0401}{}% 13
\BOOKMARK [2][-]{section*.14}{Practice\0402010,\040Day\0402,\040Problem\0403}{}% 14
\BOOKMARK [2][-]{section*.15}{Winter\0402015,\040Day\0402,\040Problem\0403}{}% 15
\BOOKMARK [2][-]{section*.16}{Summer\0402017,\040Day\0401,\040Problem\0404}{}% 16
\BOOKMARK [2][-]{section*.17}{Summer\0402011,\040Day\0402,\040Question\0405}{}% 17
\BOOKMARK [2][-]{section*.20}{Winter\0402011,\040Day\0402,\040Problem\0405}{}% 18
\BOOKMARK [2][-]{section*.22}{Summer\0402013,\040Day\0403,\040Problem\0401}{}% 19
\BOOKMARK [2][-]{section*.23}{Summer\0402014,\040Day\0401,\040Problem\0405}{}% 20
\BOOKMARK [2][-]{section*.24}{Summer\0402014,\040Day\0403,\040Problem\0403}{}% 21
\BOOKMARK [2][-]{section*.25}{Summer\0402010,\040Day\0401,\040Problem\0404}{}% 22
\BOOKMARK [2][-]{section*.26}{Winter\0402010,\040Day\0401,\040Problem\0403}{}% 23
\BOOKMARK [2][-]{section*.27}{Summer\0402011,\040Day\0402,\040Problem\0406}{}% 24
\BOOKMARK [2][-]{section*.28}{Summer\0402012,\040Day\0402,\040Problem\0403}{}% 25
\BOOKMARK [2][-]{section*.29}{Winter\0402015,\040Day\0401,\040Problem\0403}{}% 26
\BOOKMARK [2][-]{section*.30}{Winter\0402017,\040Day\0401,\040Problem\0402}{}% 27
\BOOKMARK [2][-]{section*.31}{Winter\0402010,\040Day\0402,\040Problem\0401}{}% 28
\BOOKMARK [2][-]{section*.32}{Summer\0402013,\040Day\0401,\040Problem\0402}{}% 29
\BOOKMARK [2][-]{section*.33}{Summer\0402014,\040Day\0402,\040Problem\0401}{}% 30
\BOOKMARK [2][-]{section*.34}{Winter\0402014,\040Day\0402,\040Problem\0401}{}% 31
\BOOKMARK [2][-]{section*.35}{Summer\0402017,\040Day\0401,\040Problem\0405}{}% 32
\BOOKMARK [2][-]{section*.36}{Winter\0402010,\040Day\0401,\040Problem\0401}{}% 33
\BOOKMARK [2][-]{section*.37}{Winter\0402012,\040Day\0402,\040Problem\0401}{}% 34
\BOOKMARK [2][-]{section*.38}{Winter\0402013,\040Day\0402,\040Problem\0401}{}% 35
\BOOKMARK [2][-]{section*.39}{Summer\0402014,\040Day\0402,\040Problem\0403}{}% 36
\BOOKMARK [2][-]{section*.40}{Winter\0402017,\040Day\0402,\040Problem\0404}{}% 37
\BOOKMARK [2][-]{section*.41}{Summer\0402010,\040Day\0402,\040Problem\0401}{}% 38
\BOOKMARK [2][-]{section*.42}{Winter\0402011,\040Day\0401,\040Problem\0402}{}% 39
\BOOKMARK [2][-]{section*.43}{Winter\0402013\040Day\0401,\040Problem\0403}{}% 40
\BOOKMARK [2][-]{section*.44}{Summer\0402011,\040Day\0403,\040Problem\0402}{}% 41
\BOOKMARK [2][-]{section*.45}{Summer\0402017,\040Day\0401,\040Problem\0402}{}% 42
\BOOKMARK [2][-]{section*.46}{Winter\0402017,\040Day\0401,\040Problem\0401}{}% 43
\BOOKMARK [2][-]{section*.47}{Practice\0402010,\040Day\0402,\040Problem\0405}{}% 44
\BOOKMARK [2][-]{section*.48}{Practice\0402010,\040Day\0403,\040Problem\0401}{}% 45
\BOOKMARK [2][-]{section*.49}{Winter\0402011,\040Day\0403,\040Problem\0401}{}% 46
\BOOKMARK [2][-]{section*.50}{Winter\0402010,\040Day\0401,\040Problem\0405}{}% 47
\BOOKMARK [2][-]{section*.51}{Winter\0402011,\040Day\0402,\040Problem\0404}{}% 48
\BOOKMARK [2][-]{section*.52}{Summer\0402012,\040Day\0401,\040Problem\0403}{}% 49
