\BOOKMARK [1][-]{section.1}{Calculus}{}% 1
\BOOKMARK [2][-]{subsection.1.1}{Gradient\040and\040Jacobian}{section.1}% 2
\BOOKMARK [2][-]{subsection.1.2}{Gradients\040of\040Matrix\040Vector\040Forms}{section.1}% 3
\BOOKMARK [2][-]{subsection.1.3}{Taylor\040Expansions}{section.1}% 4
\BOOKMARK [3][-]{subsubsection.1.3.1}{Computing\040Expansions\040in\040Mathematica}{subsection.1.3}% 5
\BOOKMARK [2][-]{subsection.1.4}{Newton's\040Method}{section.1}% 6
\BOOKMARK [1][-]{section.2}{Basic\040Linear\040Algebra}{}% 7
\BOOKMARK [2][-]{subsection.2.1}{Invertible\040Matrix\040Theorem}{section.2}% 8
\BOOKMARK [2][-]{subsection.2.2}{Similar\040Matrices}{section.2}% 9
\BOOKMARK [1][-]{section.3}{Projectors}{}% 10
\BOOKMARK [2][-]{subsection.3.1}{Orthogonal\040Projector}{section.3}% 11
\BOOKMARK [2][-]{subsection.3.2}{Constructing\040Projectors}{section.3}% 12
\BOOKMARK [2][-]{subsection.3.3}{Gershgorin's\040Theorem}{section.3}% 13
\BOOKMARK [1][-]{section.4}{Scalar\040Functions\040of\040Matrices}{}% 14
\BOOKMARK [2][-]{subsection.4.1}{Matrix\040Norms}{section.4}% 15
\BOOKMARK [3][-]{subsubsection.4.1.1}{Inequalities}{subsection.4.1}% 16
\BOOKMARK [3][-]{subsubsection.4.1.2}{Specific\040Properties}{subsection.4.1}% 17
\BOOKMARK [2][-]{subsection.4.2}{Spectral\040Radius}{section.4}% 18
\BOOKMARK [2][-]{subsection.4.3}{Condition\040number}{section.4}% 19
\BOOKMARK [2][-]{subsection.4.4}{Rayleigh\040Quotients}{section.4}% 20
\BOOKMARK [1][-]{section.5}{Classification\040of\040Matrices}{}% 21
\BOOKMARK [2][-]{subsection.5.1}{Banded}{section.5}% 22
\BOOKMARK [2][-]{subsection.5.2}{Upper\040Triangular}{section.5}% 23
\BOOKMARK [2][-]{subsection.5.3}{Unitary}{section.5}% 24
\BOOKMARK [2][-]{subsection.5.4}{Hermitian}{section.5}% 25
\BOOKMARK [2][-]{subsection.5.5}{Skew\040symmetric}{section.5}% 26
\BOOKMARK [2][-]{subsection.5.6}{Normal\040\(Unitarily\040Diagonalizable\)}{section.5}% 27
\BOOKMARK [2][-]{subsection.5.7}{Positive\040definite}{section.5}% 28
\BOOKMARK [2][-]{subsection.5.8}{Hermitian\040Positive\040definite}{section.5}% 29
\BOOKMARK [2][-]{subsection.5.9}{Diagonalizable}{section.5}% 30
\BOOKMARK [2][-]{subsection.5.10}{Toeplitz}{section.5}% 31
\BOOKMARK [1][-]{section.6}{Matrix\040Decompositions}{}% 32
\BOOKMARK [2][-]{subsection.6.1}{SVD}{section.6}% 33
\BOOKMARK [3][-]{subsubsection.6.1.1}{Reduced\040SVD}{subsection.6.1}% 34
\BOOKMARK [3][-]{subsubsection.6.1.2}{Rank\040Reduced\040SVD}{subsection.6.1}% 35
\BOOKMARK [2][-]{subsection.6.2}{\(P\)LU}{section.6}% 36
\BOOKMARK [3][-]{subsubsection.6.2.1}{Partial\040Pivoting}{subsection.6.2}% 37
\BOOKMARK [3][-]{subsubsection.6.2.2}{Cholesky}{subsection.6.2}% 38
\BOOKMARK [2][-]{subsection.6.3}{QR}{section.6}% 39
\BOOKMARK [2][-]{subsection.6.4}{Eigen}{section.6}% 40
\BOOKMARK [2][-]{subsection.6.5}{Shur}{section.6}% 41
\BOOKMARK [2][-]{subsection.6.6}{Jordan\040Normal}{section.6}% 42
\BOOKMARK [1][-]{section.7}{The\040Eigenproblem}{}% 43
\BOOKMARK [2][-]{subsection.7.1}{Direct\040Methods}{section.7}% 44
\BOOKMARK [2][-]{subsection.7.2}{Power\040iteration}{section.7}% 45
\BOOKMARK [2][-]{subsection.7.3}{Simultaneous\040Power\040Iteration}{section.7}% 46
\BOOKMARK [1][-]{section.8}{Direct\040Methods\040for\040Linear\040Systems}{}% 47
\BOOKMARK [2][-]{subsection.8.1}{QR}{section.8}% 48
\BOOKMARK [2][-]{subsection.8.2}{Gaussian\040Elimination}{section.8}% 49
\BOOKMARK [2][-]{subsection.8.3}{SVD}{section.8}% 50
\BOOKMARK [1][-]{section.9}{Iterative\040Methods\040for\040Linear\040Systems}{}% 51
\BOOKMARK [2][-]{subsection.9.1}{Simple\040Iteration}{section.9}% 52
\BOOKMARK [3][-]{subsubsection.9.1.1}{Algorithm}{subsection.9.1}% 53
\BOOKMARK [3][-]{subsubsection.9.1.2}{Convergence}{subsection.9.1}% 54
\BOOKMARK [2][-]{subsection.9.2}{Multigrid\040Methods}{section.9}% 55
\BOOKMARK [2][-]{subsection.9.3}{Conjugate\040Gradient}{section.9}% 56
\BOOKMARK [2][-]{subsection.9.4}{When/why\040it\040is\040used}{section.9}% 57
\BOOKMARK [3][-]{subsubsection.9.4.1}{Algorithm}{subsection.9.4}% 58
\BOOKMARK [3][-]{subsubsection.9.4.2}{Convergence}{subsection.9.4}% 59
\BOOKMARK [2][-]{subsection.9.5}{GMRES}{section.9}% 60
\BOOKMARK [2][-]{subsection.9.6}{Other\040methods}{section.9}% 61
\BOOKMARK [1][-]{section.10}{Solving\040Least\040Squares}{}% 62
\BOOKMARK [2][-]{subsection.10.1}{Derivations\040of\040Normal\040Equations}{section.10}% 63
\BOOKMARK [2][-]{subsection.10.2}{Solving\040Least\040Squares\040Numerically}{section.10}% 64
\BOOKMARK [1][-]{section.11}{Boundary\040Value\040Problems}{}% 65
\BOOKMARK [2][-]{subsection.11.1}{Error\040and\040Convergence}{section.11}% 66
\BOOKMARK [3][-]{subsubsection.11.1.1}{Local\040Truncation\040Error}{subsection.11.1}% 67
\BOOKMARK [3][-]{subsubsection.11.1.2}{Global\040Error}{subsection.11.1}% 68
\BOOKMARK [3][-]{subsubsection.11.1.3}{Stability}{subsection.11.1}% 69
\BOOKMARK [3][-]{subsubsection.11.1.4}{Convergence}{subsection.11.1}% 70
\BOOKMARK [2][-]{subsection.11.2}{Green's\040Functions}{section.11}% 71
\BOOKMARK [2][-]{subsection.11.3}{Laplacian}{section.11}% 72
\BOOKMARK [2][-]{subsection.11.4}{Finite\040Element\040Methods}{section.11}% 73
\BOOKMARK [1][-]{section.12}{Integrators\040and\040IVPs}{}% 74
\BOOKMARK [2][-]{subsection.12.1}{Runge-Kutta\040Methods}{section.12}% 75
\BOOKMARK [2][-]{subsection.12.2}{Linear\040Multistep\040Methods}{section.12}% 76
\BOOKMARK [3][-]{subsubsection.12.2.1}{Characteristic\040Polynomials}{subsection.12.2}% 77
\BOOKMARK [2][-]{subsection.12.3}{Stability}{section.12}% 78
\BOOKMARK [2][-]{subsection.12.4}{Zero\040Stable}{section.12}% 79
\BOOKMARK [2][-]{subsection.12.5}{Absolute\040Stability}{section.12}% 80
\BOOKMARK [3][-]{subsubsection.12.5.1}{Regions\040of\040Absolute\040Stability\040of\040Common\040Methods}{subsection.12.5}% 81
\BOOKMARK [3][-]{subsubsection.12.5.2}{Plotting\040Regions\040of\040Stability}{subsection.12.5}% 82
\BOOKMARK [2][-]{subsection.12.6}{Stiff\040ODEs}{section.12}% 83
\BOOKMARK [1][-]{section.13}{PDEs}{}% 84
\BOOKMARK [2][-]{subsection.13.1}{Method\040of\040Lines}{section.13}% 85
\BOOKMARK [3][-]{subsubsection.13.1.1}{Von\040Neumann\040Analysis}{subsection.13.1}% 86
